<?xml version="1.0" encoding="UTF-8"?>
<testng-results ignored="0" total="1" passed="1" failed="0" skipped="0">
  <reporter-output>
  </reporter-output>
  <suite started-at="2023-09-23T11:30:28 IST" name="13OCt test" finished-at="2023-09-23T11:30:43 IST" duration-ms="14437">
    <groups>
    </groups>
    <test started-at="2023-09-23T11:30:28 IST" name="MailBoxTest" finished-at="2023-09-23T11:30:43 IST" duration-ms="14437">
      <class name="seleniumjenkins.Seleniumtest1">
        <test-method signature="method1()[pri:0, instance:seleniumjenkins.Seleniumtest1@696da30b]" started-at="2023-09-23T11:30:28 IST" name="method1" finished-at="2023-09-23T11:30:43 IST" duration-ms="14371" status="PASS">
          <reporter-output>
          </reporter-output>
        </test-method> <!-- method1 -->
      </class> <!-- seleniumjenkins.Seleniumtest1 -->
    </test> <!-- MailBoxTest -->
  </suite> <!-- 13OCt test -->
</testng-results>
